<?xml version="1.0" encoding="UTF-8"?>
<!-- Generated by org.testng.reporters.JUnitReportReporter -->
<testsuite skipped="0" hostname="360NDCPC037" name="Scripts.TC_001_Login" tests="1" failures="0" timestamp="01 Feb 2018 09:19:59 GMT" time="25.522" errors="0">
  <testcase name="login" time="25.522" classname="Scripts.TC_001_Login"/>
</testsuite> <!-- Scripts.TC_001_Login -->
